<?xml version="1.0" encoding="UTF-8"?>
<testng-results skipped="0" failed="1" ignored="0" total="2" passed="1">
  <reporter-output>
  </reporter-output>
  <suite name="Default suite" duration-ms="33009" started-at="2020-11-30T01:21:33 EST" finished-at="2020-11-30T01:22:06 EST">
    <groups>
    </groups>
    <test name="Default test" duration-ms="33009" started-at="2020-11-30T01:21:33 EST" finished-at="2020-11-30T01:22:06 EST">
      <class name="com.ups.testRunner.UpsTestRunner">
        <test-method status="PASS" signature="chromeDriverMethod()[pri:0, instance:com.ups.testRunner.UpsTestRunner@7d0587f1]" name="chromeDriverMethod" is-config="true" duration-ms="17715" started-at="2020-11-30T01:21:33 EST" finished-at="2020-11-30T01:21:51 EST">
          <reporter-output>
          </reporter-output>
        </test-method> <!-- chromeDriverMethod -->
        <test-method status="FAIL" signature="loginTest()[pri:0, instance:com.ups.testRunner.UpsTestRunner@7d0587f1]" name="loginTest" duration-ms="2433" started-at="2020-11-30T01:21:51 EST" finished-at="2020-11-30T01:21:53 EST">
          <exception class="java.lang.AssertionError">
            <message>
              <![CDATA[null]]>
            </message>
            <full-stacktrace>
              <![CDATA[java.lang.AssertionError: null
at org.testng.Assert.fail(Assert.java:99)
at org.testng.Assert.fail(Assert.java:106)
at com.ups.testRunner.UpsTestRunner.loginTest(UpsTestRunner.java:33)
at sun.reflect.NativeMethodAccessorImpl.invoke0(Native Method)
at sun.reflect.NativeMethodAccessorImpl.invoke(NativeMethodAccessorImpl.java:62)
at sun.reflect.DelegatingMethodAccessorImpl.invoke(DelegatingMethodAccessorImpl.java:43)
at java.lang.reflect.Method.invoke(Method.java:498)
at org.testng.internal.MethodInvocationHelper.invokeMethod(MethodInvocationHelper.java:132)
at org.testng.internal.TestInvoker.invokeMethod(TestInvoker.java:599)
at org.testng.internal.TestInvoker.invokeTestMethod(TestInvoker.java:174)
at org.testng.internal.MethodRunner.runInSequence(MethodRunner.java:46)
at org.testng.internal.TestInvoker$MethodInvocationAgent.invoke(TestInvoker.java:822)
at org.testng.internal.TestInvoker.invokeTestMethods(TestInvoker.java:147)
at org.testng.internal.TestMethodWorker.invokeTestMethods(TestMethodWorker.java:146)
at org.testng.internal.TestMethodWorker.run(TestMethodWorker.java:128)
at java.util.ArrayList.forEach(ArrayList.java:1249)
at org.testng.TestRunner.privateRun(TestRunner.java:764)
at org.testng.TestRunner.run(TestRunner.java:585)
at org.testng.SuiteRunner.runTest(SuiteRunner.java:384)
at org.testng.SuiteRunner.runSequentially(SuiteRunner.java:378)
at org.testng.SuiteRunner.privateRun(SuiteRunner.java:337)
at org.testng.SuiteRunner.run(SuiteRunner.java:286)
at org.testng.SuiteRunnerWorker.runSuite(SuiteRunnerWorker.java:53)
at org.testng.SuiteRunnerWorker.run(SuiteRunnerWorker.java:96)
at org.testng.TestNG.runSuitesSequentially(TestNG.java:1218)
at org.testng.TestNG.runSuitesLocally(TestNG.java:1140)
at org.testng.TestNG.runSuites(TestNG.java:1069)
at org.testng.TestNG.run(TestNG.java:1037)
at org.testng.remote.AbstractRemoteTestNG.run(AbstractRemoteTestNG.java:115)
at org.testng.remote.RemoteTestNG.initAndRun(RemoteTestNG.java:251)
at org.testng.remote.RemoteTestNG.main(RemoteTestNG.java:77)
]]>
            </full-stacktrace>
          </exception> <!-- java.lang.AssertionError -->
          <reporter-output>
          </reporter-output>
        </test-method> <!-- loginTest -->
        <test-method status="PASS" signature="afterMethod()[pri:0, instance:com.ups.testRunner.UpsTestRunner@7d0587f1]" name="afterMethod" is-config="true" duration-ms="2100" started-at="2020-11-30T01:21:53 EST" finished-at="2020-11-30T01:21:55 EST">
          <reporter-output>
          </reporter-output>
        </test-method> <!-- afterMethod -->
        <test-method status="PASS" signature="chromeDriverMethod()[pri:0, instance:com.ups.testRunner.UpsTestRunner@7d0587f1]" name="chromeDriverMethod" is-config="true" duration-ms="8548" started-at="2020-11-30T01:21:55 EST" finished-at="2020-11-30T01:22:04 EST">
          <reporter-output>
          </reporter-output>
        </test-method> <!-- chromeDriverMethod -->
        <test-method status="PASS" signature="noTest()[pri:0, instance:com.ups.testRunner.UpsTestRunner@7d0587f1]" name="noTest" duration-ms="2" started-at="2020-11-30T01:22:04 EST" finished-at="2020-11-30T01:22:04 EST">
          <reporter-output>
          </reporter-output>
        </test-method> <!-- noTest -->
        <test-method status="PASS" signature="afterMethod()[pri:0, instance:com.ups.testRunner.UpsTestRunner@7d0587f1]" name="afterMethod" is-config="true" duration-ms="2174" started-at="2020-11-30T01:22:04 EST" finished-at="2020-11-30T01:22:06 EST">
          <reporter-output>
          </reporter-output>
        </test-method> <!-- afterMethod -->
      </class> <!-- com.ups.testRunner.UpsTestRunner -->
    </test> <!-- Default test -->
  </suite> <!-- Default suite -->
</testng-results>
